#
# There is insufficient memory for the Java Runtime Environment to continue.
# Native memory allocation (malloc) failed to allocate 1048576 bytes for AllocateHeap
# Possible reasons:
#   The system is out of physical RAM or swap space
#   In 32 bit mode, the process size limit was hit
# Possible solutions:
#   Reduce memory load on the system
#   Increase physical memory or swap space
#   Check if swap backing store is full
#   Use 64 bit Java on a 64 bit OS
#   Decrease Java heap size (-Xmx/-Xms)
#   Decrease number of Java threads
#   Decrease Java thread stack sizes (-Xss)
#   Set larger code cache with -XX:ReservedCodeCacheSize=
# This output file may be truncated or incomplete.
#
#  Out of Memory Error (memory/allocation.inline.hpp:61), pid=2604, tid=0x0000000000001698
#
# JRE version:  (8.0_161-b12) (build )
# Java VM: Java HotSpot(TM) 64-Bit Server VM (25.161-b12 mixed mode windows-amd64 compressed oops)
# Failed to write core dump. Minidumps are not enabled by default on client versions of Windows
#

---------------  T H R E A D  ---------------

Current thread (0x00000000028fd800):  JavaThread "Unknown thread" [_thread_in_vm, id=5784, stack(0x0000000002900000,0x0000000002a00000)]

Stack: [0x0000000002900000,0x0000000002a00000]
[error occurred during error reporting (printing stack bounds), id 0xc0000005]

Native frames: (J=compiled Java code, j=interpreted, Vv=VM code, C=native code)


---------------  P R O C E S S  ---------------

Java Threads: ( => current thread )

Other Threads:

=>0x00000000028fd800 (exited) JavaThread "Unknown thread" [_thread_in_vm, id=5784, stack(0x0000000002900000,0x0000000002a00000)]

VM state:not at safepoint (normal execution)

VM Mutex/Monitor currently owned by a thread: None

Heap:
 PSYoungGen      total 38400K, used 665K [0x00000000d5800000, 0x00000000d8280000, 0x0000000100000000)
  eden space 33280K, 2% used [0x00000000d5800000,0x00000000d58a6670,0x00000000d7880000)
  from space 5120K, 0% used [0x00000000d7d80000,0x00000000d7d80000,0x00000000d8280000)
  to   space 5120K, 0% used [0x00000000d7880000,0x00000000d7880000,0x00000000d7d80000)
 ParOldGen       total 87552K, used 0K [0x0000000080800000, 0x0000000085d80000, 0x00000000d5800000)
  object space 87552K, 0% used [0x0000000080800000,0x0000000080800000,0x0000000085d80000)
 Metaspace       used 770K, capacity 4480K, committed 4480K, reserved 1056768K
  class space    used 75K, capacity 384K, committed 384K, reserved 1048576K

Card table byte_map: [0x0000000011ec0000,0x00000000122c0000] byte_map_base: 0x0000000011abc000

Marking Bits: (ParMarkBitMap*) 0x000000005ba0f860
 Begin Bits: [0x0000000012d70000, 0x0000000014d50000)
 End Bits:   [0x0000000014d50000, 0x0000000016d30000)

Polling page: 0x00000000027c0000

CodeCache: size=245760Kb used=328Kb max_used=328Kb free=245431Kb
 bounds [0x0000000002b00000, 0x0000000002d70000, 0x0000000011b00000]
 total_blobs=58 nmethods=0 adapters=38
 compilation: enabled

Compilation events (0 events):
No events

GC Heap History (0 events):
No events

Deoptimization events (0 events):
No events

Classes redefined (0 events):
No events

Internal exceptions (0 events):
No events

Events (10 events):
Event: 0.036 loading class java/lang/Short
Event: 0.036 loading class java/lang/Short done
Event: 0.036 loading class java/lang/Integer
Event: 0.036 loading class java/lang/Integer done
Event: 0.036 loading class java/lang/Long
Event: 0.036 loading class java/lang/Long done
Event: 0.037 loading class java/lang/NullPointerException
Event: 0.037 loading class java/lang/NullPointerException done
Event: 0.037 loading class java/lang/ArithmeticException
Event: 0.037 loading class java/lang/ArithmeticException done


Dynamic libraries:
0x00007ff630920000 - 0x00007ff630957000 	C:\Program Files\Java\jdk1.8.0_161\jre\bin\java.exe
0x00007ff8566a0000 - 0x00007ff85684c000 	C:\Windows\SYSTEM32\ntdll.dll
0x00007ff853e70000 - 0x00007ff853fae000 	C:\Windows\system32\KERNEL32.DLL
0x00007ff853bd0000 - 0x00007ff853ce5000 	C:\Windows\system32\KERNELBASE.dll
0x00007ff852360000 - 0x00007ff8523ee000 	C:\Windows\system32\apphelp.dll
0x00007ff84d970000 - 0x00007ff84d9c3000 	C:\Windows\AppPatch\AppPatch64\AcGenral.DLL
0x00007ff853fc0000 - 0x00007ff85406a000 	C:\Windows\system32\msvcrt.dll
0x00007ff853780000 - 0x00007ff8537ae000 	C:\Windows\SYSTEM32\SspiCli.dll
0x00007ff854da0000 - 0x00007ff854df4000 	C:\Windows\system32\SHLWAPI.dll
0x00007ff854070000 - 0x00007ff8541e7000 	C:\Windows\system32\USER32.dll
0x00007ff854a50000 - 0x00007ff854be4000 	C:\Windows\system32\ole32.dll
0x00007ff854f30000 - 0x00007ff856448000 	C:\Windows\system32\SHELL32.dll
0x00007ff852d60000 - 0x00007ff852d81000 	C:\Windows\SYSTEM32\USERENV.dll
0x00007ff853d00000 - 0x00007ff853daa000 	C:\Windows\system32\ADVAPI32.dll
0x00007ff84a1e0000 - 0x00007ff84a1fe000 	C:\Windows\SYSTEM32\MPR.dll
0x00007ff854510000 - 0x00007ff854651000 	C:\Windows\system32\RPCRT4.dll
0x00007ff8541f0000 - 0x00007ff854249000 	C:\Windows\SYSTEM32\sechost.dll
0x00007ff856450000 - 0x00007ff856661000 	C:\Windows\SYSTEM32\combase.dll
0x00007ff854250000 - 0x00007ff8543a1000 	C:\Windows\system32\GDI32.dll
0x00007ff8537c0000 - 0x00007ff8537d5000 	C:\Windows\SYSTEM32\profapi.dll
0x00007ff851b10000 - 0x00007ff851bc2000 	C:\Windows\SYSTEM32\SHCORE.dll
0x00007ff853e30000 - 0x00007ff853e66000 	C:\Windows\system32\IMM32.DLL
0x00007ff8543b0000 - 0x00007ff854503000 	C:\Windows\system32\MSCTF.dll
0x00007ff850d20000 - 0x00007ff850f9b000 	C:\Windows\WinSxS\amd64_microsoft.windows.common-controls_6595b64144ccf1df_6.0.9600.17415_none_6240486fecbd8abb\COMCTL32.dll
0x000000005bde0000 - 0x000000005beb2000 	C:\Program Files\Java\jdk1.8.0_161\jre\bin\msvcr100.dll
0x000000005b1f0000 - 0x000000005ba8f000 	C:\Program Files\Java\jdk1.8.0_161\jre\bin\server\jvm.dll
0x00007ff84cd50000 - 0x00007ff84cd59000 	C:\Windows\SYSTEM32\WSOCK32.dll
0x00007ff84ed80000 - 0x00007ff84eda2000 	C:\Windows\SYSTEM32\WINMM.dll
0x00007ff84ed70000 - 0x00007ff84ed7a000 	C:\Windows\SYSTEM32\VERSION.dll
0x00007ff854660000 - 0x00007ff854667000 	C:\Windows\system32\PSAPI.DLL
0x00007ff854e00000 - 0x00007ff854e5a000 	C:\Windows\system32\WS2_32.dll
0x00007ff84ec90000 - 0x00007ff84ecba000 	C:\Windows\SYSTEM32\WINMMBASE.dll
0x00007ff854860000 - 0x00007ff854869000 	C:\Windows\system32\NSI.dll
0x00007ff8538f0000 - 0x00007ff85393f000 	C:\Windows\SYSTEM32\cfgmgr32.dll
0x00007ff8525c0000 - 0x00007ff8525e8000 	C:\Windows\SYSTEM32\DEVOBJ.dll
0x000000005bdd0000 - 0x000000005bddf000 	C:\Program Files\Java\jdk1.8.0_161\jre\bin\verify.dll
0x000000005b180000 - 0x000000005b1a9000 	C:\Program Files\Java\jdk1.8.0_161\jre\bin\java.dll
0x000000005b160000 - 0x000000005b176000 	C:\Program Files\Java\jdk1.8.0_161\jre\bin\zip.dll

VM Arguments:
jvm_args: -Dfile.encoding=UTF-8 
java_command: game.Main
java_class_path (initial): C:\Users\Computer\Documents\NetBeansProjects\mooc-2013-OOProgrammingWithJava-PART2\week11-week11_43.GameOfLife\lib\gameoflife.jar;C:\Users\Computer\Documents\NetBeansProjects\mooc-2013-OOProgrammingWithJava-PART2\week11-week11_43.GameOfLife\build\classes
Launcher Type: SUN_STANDARD

Environment Variables:
JAVA_HOME=C:\Program Files\Java\jdk1.8.0_161
PATH=C:\Program Files (x86)\Common Files\Oracle\Java\javapath;C:\ProgramData\Oracle\Java\javapath;C:\Program Files (x86)\Razer Chroma SDK\bin;C:\Program Files\Razer Chroma SDK\bin;C:\Windows\system32;C:\Windows;C:\Windows\System32\Wbem;C:\Windows\System32\WindowsPowerShell\v1.0\;C:\Program Files (x86)\NVIDIA Corporation\PhysX\Common;C:\Program Files\Git\cmd;D:\maven\bin
USERNAME=Computer
OS=Windows_NT
PROCESSOR_IDENTIFIER=Intel64 Family 6 Model 42 Stepping 7, GenuineIntel



---------------  S Y S T E M  ---------------

OS: Windows 8.1 , 64 bit Build 9600 (6.3.9600.17415)

CPU:total 8 (initial active 8) (4 cores per cpu, 2 threads per core) family 6 model 42 stepping 7, cmov, cx8, fxsr, mmx, sse, sse2, sse3, ssse3, sse4.1, sse4.2, popcnt, avx, aes, clmul, ht, tsc, tscinvbit

Memory: 4k page, physical 8351496k(1331668k free), swap 11497224k(5776k free)

vm_info: Java HotSpot(TM) 64-Bit Server VM (25.161-b12) for windows-amd64 JRE (1.8.0_161-b12), built on Dec 19 2017 17:52:25 by "java_re" with MS VC++ 10.0 (VS2010)

time: Wed Dec 05 14:56:39 2018
elapsed time: 0 seconds (0d 0h 0m 0s)

